Error: ConsoleCustom
    at Timeout.setInterval [as _onTimeout] (E:\Learn.2018\JavaScript\Js.Node.Level0\09.AdvancedNode\2.0\Emitter\Utils.js:5:71)
    at ontimeout (timers.js:427:11)
    at tryOnTimeout (timers.js:289:5)
    at listOnTimeout (timers.js:252:5)
    at Timer.processTimers (timers.js:212:10)
Error: ConsoleCustom
    at Timeout.setInterval [as _onTimeout] (E:\Learn.2018\JavaScript\Js.Node.Level0\09.AdvancedNode\2.0\Emitter\Utils.js:5:71)
    at ontimeout (timers.js:427:11)
    at tryOnTimeout (timers.js:289:5)
    at listOnTimeout (timers.js:252:5)
    at Timer.processTimers (timers.js:212:10)
Error: ConsoleCustom
    at Timeout.setInterval [as _onTimeout] (E:\Learn.2018\JavaScript\Js.Node.Level0\09.AdvancedNode\2.0\Emitter\Utils.js:5:71)
    at ontimeout (timers.js:427:11)
    at tryOnTimeout (timers.js:289:5)
    at listOnTimeout (timers.js:252:5)
    at Timer.processTimers (timers.js:212:10)
Error: ConsoleCustom
    at Timeout.setInterval [as _onTimeout] (E:\Learn.2018\JavaScript\Js.Node.Level0\09.AdvancedNode\2.0\Emitter\Utils.js:5:71)
    at ontimeout (timers.js:427:11)
    at tryOnTimeout (timers.js:289:5)
    at listOnTimeout (timers.js:252:5)
    at Timer.processTimers (timers.js:212:10)
Error: ConsoleCustom
    at Timeout.setInterval [as _onTimeout] (E:\Learn.2018\JavaScript\Js.Node.Level0\09.AdvancedNode\2.0\Emitter\Utils.js:5:71)
    at ontimeout (timers.js:427:11)
    at tryOnTimeout (timers.js:289:5)
    at listOnTimeout (timers.js:252:5)
    at Timer.processTimers (timers.js:212:10)
Error: ConsoleCustom
    at Timeout.setInterval [as _onTimeout] (E:\Learn.2018\JavaScript\Js.Node.Level0\09.AdvancedNode\2.0\Emitter\Utils.js:5:71)
    at ontimeout (timers.js:427:11)
    at tryOnTimeout (timers.js:289:5)
    at listOnTimeout (timers.js:252:5)
    at Timer.processTimers (timers.js:212:10)
Error: ConsoleCustom
    at Timeout.setInterval [as _onTimeout] (E:\Learn.2018\JavaScript\Js.Node.Level0\09.AdvancedNode\2.0\Emitter\Utils.js:5:71)
    at ontimeout (timers.js:427:11)
    at tryOnTimeout (timers.js:289:5)
    at listOnTimeout (timers.js:252:5)
    at Timer.processTimers (timers.js:212:10)
Error: ConsoleCustom
    at Timeout.setInterval [as _onTimeout] (E:\Learn.2018\JavaScript\Js.Node.Level0\09.AdvancedNode\2.0\Emitter\Utils.js:5:71)
    at ontimeout (timers.js:427:11)
    at tryOnTimeout (timers.js:289:5)
    at listOnTimeout (timers.js:252:5)
    at Timer.processTimers (timers.js:212:10)
Error: ConsoleCustom
    at Timeout.setInterval [as _onTimeout] (E:\Learn.2018\JavaScript\Js.Node.Level0\09.AdvancedNode\2.0\Emitter\Utils.js:5:71)
    at ontimeout (timers.js:427:11)
    at tryOnTimeout (timers.js:289:5)
    at listOnTimeout (timers.js:252:5)
    at Timer.processTimers (timers.js:212:10)
Error: ConsoleCustom
    at Timeout.setInterval [as _onTimeout] (E:\Learn.2018\JavaScript\Js.Node.Level0\09.AdvancedNode\2.0\Emitter\Utils.js:5:71)
    at ontimeout (timers.js:427:11)
    at tryOnTimeout (timers.js:289:5)
    at listOnTimeout (timers.js:252:5)
    at Timer.processTimers (timers.js:212:10)
Error: ConsoleCustom
    at Timeout.setInterval [as _onTimeout] (E:\Learn.2018\JavaScript\Js.Node.Level0\09.AdvancedNode\2.0\Emitter\Utils.js:5:71)
    at ontimeout (timers.js:427:11)
    at tryOnTimeout (timers.js:289:5)
    at listOnTimeout (timers.js:252:5)
    at Timer.processTimers (timers.js:212:10)
Error: ConsoleCustom
    at Timeout.setInterval [as _onTimeout] (E:\Learn.2018\JavaScript\Js.Node.Level0\09.AdvancedNode\2.0\Emitter\Utils.js:5:71)
    at ontimeout (timers.js:427:11)
    at tryOnTimeout (timers.js:289:5)
    at listOnTimeout (timers.js:252:5)
    at Timer.processTimers (timers.js:212:10)
Error: ConsoleCustom
    at Timeout.setInterval [as _onTimeout] (E:\Learn.2018\JavaScript\Js.Node.Level0\09.AdvancedNode\2.0\Emitter\Utils.js:5:71)
    at ontimeout (timers.js:427:11)
    at tryOnTimeout (timers.js:289:5)
    at listOnTimeout (timers.js:252:5)
    at Timer.processTimers (timers.js:212:10)
Error: ConsoleCustom
    at Timeout.setInterval [as _onTimeout] (E:\Learn.2018\JavaScript\Js.Node.Level0\09.AdvancedNode\2.0\Emitter\Utils.js:5:71)
    at ontimeout (timers.js:427:11)
    at tryOnTimeout (timers.js:289:5)
    at listOnTimeout (timers.js:252:5)
    at Timer.processTimers (timers.js:212:10)
Error: ConsoleCustom
    at Timeout.setInterval [as _onTimeout] (E:\Learn.2018\JavaScript\Js.Node.Level0\09.AdvancedNode\2.0\Emitter\Utils.js:5:71)
    at ontimeout (timers.js:427:11)
    at tryOnTimeout (timers.js:289:5)
    at listOnTimeout (timers.js:252:5)
    at Timer.processTimers (timers.js:212:10)
Error: ConsoleCustom
    at Timeout.setInterval [as _onTimeout] (E:\Learn.2018\JavaScript\Js.Node.Level0\09.AdvancedNode\2.0\Emitter\Utils.js:5:71)
    at ontimeout (timers.js:427:11)
    at tryOnTimeout (timers.js:289:5)
    at listOnTimeout (timers.js:252:5)
    at Timer.processTimers (timers.js:212:10)
Error: ConsoleCustom
    at Timeout.setInterval [as _onTimeout] (E:\Learn.2018\JavaScript\Js.Node.Level0\09.AdvancedNode\2.0\Emitter\Utils.js:5:71)
    at ontimeout (timers.js:427:11)
    at tryOnTimeout (timers.js:289:5)
    at listOnTimeout (timers.js:252:5)
    at Timer.processTimers (timers.js:212:10)
Error: ConsoleCustom
    at Timeout.setInterval [as _onTimeout] (E:\Learn.2018\JavaScript\Js.Node.Level0\09.AdvancedNode\2.0\Emitter\Utils.js:5:71)
    at ontimeout (timers.js:427:11)
    at tryOnTimeout (timers.js:289:5)
    at listOnTimeout (timers.js:252:5)
    at Timer.processTimers (timers.js:212:10)
Error: ConsoleCustom
    at Timeout.setInterval [as _onTimeout] (E:\Learn.2018\JavaScript\Js.Node.Level0\09.AdvancedNode\2.0\Emitter\Utils.js:5:71)
    at ontimeout (timers.js:427:11)
    at tryOnTimeout (timers.js:289:5)
    at listOnTimeout (timers.js:252:5)
    at Timer.processTimers (timers.js:212:10)
Error: ConsoleCustom
    at Timeout.setInterval [as _onTimeout] (E:\Learn.2018\JavaScript\Js.Node.Level0\09.AdvancedNode\2.0\Emitter\Utils.js:5:71)
    at ontimeout (timers.js:427:11)
    at tryOnTimeout (timers.js:289:5)
    at listOnTimeout (timers.js:252:5)
    at Timer.processTimers (timers.js:212:10)
Error: ConsoleCustom
    at Timeout.setInterval [as _onTimeout] (E:\Learn.2018\JavaScript\Js.Node.Level0\09.AdvancedNode\2.0\Emitter\Utils.js:5:71)
    at ontimeout (timers.js:427:11)
    at tryOnTimeout (timers.js:289:5)
    at listOnTimeout (timers.js:252:5)
    at Timer.processTimers (timers.js:212:10)
Error: ConsoleCustom
    at Timeout.setInterval [as _onTimeout] (E:\Learn.2018\JavaScript\Js.Node.Level0\09.AdvancedNode\2.0\Emitter\Utils.js:5:71)
    at ontimeout (timers.js:427:11)
    at tryOnTimeout (timers.js:289:5)
    at listOnTimeout (timers.js:252:5)
    at Timer.processTimers (timers.js:212:10)
Error: ConsoleCustom
    at Timeout.setInterval [as _onTimeout] (E:\Learn.2018\JavaScript\Js.Node.Level0\09.AdvancedNode\2.0\Emitter\Utils.js:5:71)
    at ontimeout (timers.js:427:11)
    at tryOnTimeout (timers.js:289:5)
    at listOnTimeout (timers.js:252:5)
    at Timer.processTimers (timers.js:212:10)
Error: ConsoleCustom
    at Timeout.setInterval [as _onTimeout] (E:\Learn.2018\JavaScript\Js.Node.Level0\09.AdvancedNode\2.0\Emitter\Utils.js:5:71)
    at ontimeout (timers.js:427:11)
    at tryOnTimeout (timers.js:289:5)
    at listOnTimeout (timers.js:252:5)
    at Timer.processTimers (timers.js:212:10)
Error: ConsoleCustom
    at Timeout.setInterval [as _onTimeout] (E:\Learn.2018\JavaScript\Js.Node.Level0\09.AdvancedNode\2.0\Emitter\Utils.js:5:71)
    at ontimeout (timers.js:427:11)
    at tryOnTimeout (timers.js:289:5)
    at listOnTimeout (timers.js:252:5)
    at Timer.processTimers (timers.js:212:10)
Error: ConsoleCustom
    at Timeout.setInterval [as _onTimeout] (E:\Learn.2018\JavaScript\Js.Node.Level0\09.AdvancedNode\2.0\Emitter\Utils.js:5:71)
    at ontimeout (timers.js:427:11)
    at tryOnTimeout (timers.js:289:5)
    at listOnTimeout (timers.js:252:5)
    at Timer.processTimers (timers.js:212:10)
Error: ConsoleCustom
    at Timeout.setInterval [as _onTimeout] (E:\Learn.2018\JavaScript\Js.Node.Level0\09.AdvancedNode\2.0\Emitter\Utils.js:5:71)
    at ontimeout (timers.js:427:11)
    at tryOnTimeout (timers.js:289:5)
    at listOnTimeout (timers.js:252:5)
    at Timer.processTimers (timers.js:212:10)
Error: ConsoleCustom
    at Timeout.setInterval [as _onTimeout] (E:\Learn.2018\JavaScript\Js.Node.Level0\09.AdvancedNode\2.0\Emitter\Utils.js:5:71)
    at ontimeout (timers.js:427:11)
    at tryOnTimeout (timers.js:289:5)
    at listOnTimeout (timers.js:252:5)
    at Timer.processTimers (timers.js:212:10)
Error: ConsoleCustom
    at Timeout.setInterval [as _onTimeout] (E:\Learn.2018\JavaScript\Js.Node.Level0\09.AdvancedNode\2.0\Emitter\Utils.js:5:71)
    at ontimeout (timers.js:427:11)
    at tryOnTimeout (timers.js:289:5)
    at listOnTimeout (timers.js:252:5)
    at Timer.processTimers (timers.js:212:10)
Error: ConsoleCustom
    at Timeout.setInterval [as _onTimeout] (E:\Learn.2018\JavaScript\Js.Node.Level0\09.AdvancedNode\2.0\Emitter\Utils.js:5:71)
    at ontimeout (timers.js:427:11)
    at tryOnTimeout (timers.js:289:5)
    at listOnTimeout (timers.js:252:5)
    at Timer.processTimers (timers.js:212:10)
Error: ConsoleCustom
    at Timeout.setInterval [as _onTimeout] (E:\Learn.2018\JavaScript\Js.Node.Level0\09.AdvancedNode\2.0\Emitter\Utils.js:5:71)
    at ontimeout (timers.js:427:11)
    at tryOnTimeout (timers.js:289:5)
    at listOnTimeout (timers.js:252:5)
    at Timer.processTimers (timers.js:212:10)
Error: ConsoleCustom
    at Timeout.setInterval [as _onTimeout] (E:\Learn.2018\JavaScript\Js.Node.Level0\09.AdvancedNode\2.0\Emitter\Utils.js:5:71)
    at ontimeout (timers.js:427:11)
    at tryOnTimeout (timers.js:289:5)
    at listOnTimeout (timers.js:252:5)
    at Timer.processTimers (timers.js:212:10)
Error: ConsoleCustom
    at Timeout.setInterval [as _onTimeout] (E:\Learn.2018\JavaScript\Js.Node.Level0\09.AdvancedNode\2.0\Emitter\Utils.js:5:71)
    at ontimeout (timers.js:427:11)
    at tryOnTimeout (timers.js:289:5)
    at listOnTimeout (timers.js:252:5)
    at Timer.processTimers (timers.js:212:10)
Error: ConsoleCustom
    at Timeout.setInterval [as _onTimeout] (E:\Learn.2018\JavaScript\Js.Node.Level0\09.AdvancedNode\2.0\Emitter\Utils.js:5:71)
    at ontimeout (timers.js:427:11)
    at tryOnTimeout (timers.js:289:5)
    at listOnTimeout (timers.js:252:5)
    at Timer.processTimers (timers.js:212:10)
Error: ConsoleCustom
    at Timeout.setInterval [as _onTimeout] (E:\Learn.2018\JavaScript\Js.Node.Level0\09.AdvancedNode\2.0\Emitter\Utils.js:5:71)
    at ontimeout (timers.js:427:11)
    at tryOnTimeout (timers.js:289:5)
    at listOnTimeout (timers.js:252:5)
    at Timer.processTimers (timers.js:212:10)
Error: ConsoleCustom
    at Timeout.setInterval [as _onTimeout] (E:\Learn.2018\JavaScript\Js.Node.Level0\09.AdvancedNode\2.0\Emitter\Utils.js:5:71)
    at ontimeout (timers.js:427:11)
    at tryOnTimeout (timers.js:289:5)
    at listOnTimeout (timers.js:252:5)
    at Timer.processTimers (timers.js:212:10)
Error: ConsoleCustom
    at Timeout.setInterval [as _onTimeout] (E:\Learn.2018\JavaScript\Js.Node.Level0\09.AdvancedNode\2.0\Emitter\Utils.js:5:71)
    at ontimeout (timers.js:427:11)
    at tryOnTimeout (timers.js:289:5)
    at listOnTimeout (timers.js:252:5)
    at Timer.processTimers (timers.js:212:10)
Error: ConsoleCustom
    at Timeout.setInterval [as _onTimeout] (E:\Learn.2018\JavaScript\Js.Node.Level0\09.AdvancedNode\2.0\Emitter\Utils.js:5:71)
    at ontimeout (timers.js:427:11)
    at tryOnTimeout (timers.js:289:5)
    at listOnTimeout (timers.js:252:5)
    at Timer.processTimers (timers.js:212:10)
Error: ConsoleCustom
    at Timeout.setInterval [as _onTimeout] (E:\Learn.2018\JavaScript\Js.Node.Level0\09.AdvancedNode\2.0\Emitter\Utils.js:5:71)
    at ontimeout (timers.js:427:11)
    at tryOnTimeout (timers.js:289:5)
    at listOnTimeout (timers.js:252:5)
    at Timer.processTimers (timers.js:212:10)
Error: ConsoleCustom
    at Timeout.setInterval [as _onTimeout] (E:\Learn.2018\JavaScript\Js.Node.Level0\09.AdvancedNode\2.0\Emitter\Utils.js:5:71)
    at ontimeout (timers.js:427:11)
    at tryOnTimeout (timers.js:289:5)
    at listOnTimeout (timers.js:252:5)
    at Timer.processTimers (timers.js:212:10)
Error: ConsoleCustom
    at Timeout.setInterval [as _onTimeout] (E:\Learn.2018\JavaScript\Js.Node.Level0\09.AdvancedNode\2.0\Emitter\Utils.js:5:71)
    at ontimeout (timers.js:427:11)
    at tryOnTimeout (timers.js:289:5)
    at listOnTimeout (timers.js:252:5)
    at Timer.processTimers (timers.js:212:10)
Error: ConsoleCustom
    at Timeout.setInterval [as _onTimeout] (E:\Learn.2018\JavaScript\Js.Node.Level0\09.AdvancedNode\2.0\Emitter\Utils.js:5:71)
    at ontimeout (timers.js:427:11)
    at tryOnTimeout (timers.js:289:5)
    at listOnTimeout (timers.js:252:5)
    at Timer.processTimers (timers.js:212:10)
Error: ConsoleCustom
    at Timeout.setInterval [as _onTimeout] (E:\Learn.2018\JavaScript\Js.Node.Level0\09.AdvancedNode\2.0\Emitter\Utils.js:5:71)
    at ontimeout (timers.js:427:11)
    at tryOnTimeout (timers.js:289:5)
    at listOnTimeout (timers.js:252:5)
    at Timer.processTimers (timers.js:212:10)
Error: ConsoleCustom
    at Timeout.setInterval [as _onTimeout] (E:\Learn.2018\JavaScript\Js.Node.Level0\09.AdvancedNode\2.0\Emitter\Utils.js:5:71)
    at ontimeout (timers.js:427:11)
    at tryOnTimeout (timers.js:289:5)
    at listOnTimeout (timers.js:252:5)
    at Timer.processTimers (timers.js:212:10)
Error: ConsoleCustom
    at Timeout.setInterval [as _onTimeout] (E:\Learn.2018\JavaScript\Js.Node.Level0\09.AdvancedNode\2.0\Emitter\Utils.js:5:71)
    at ontimeout (timers.js:427:11)
    at tryOnTimeout (timers.js:289:5)
    at listOnTimeout (timers.js:252:5)
    at Timer.processTimers (timers.js:212:10)
Error: ConsoleCustom
    at Timeout.setInterval [as _onTimeout] (E:\Learn.2018\JavaScript\Js.Node.Level0\09.AdvancedNode\2.0\Emitter\Utils.js:5:71)
    at ontimeout (timers.js:427:11)
    at tryOnTimeout (timers.js:289:5)
    at listOnTimeout (timers.js:252:5)
    at Timer.processTimers (timers.js:212:10)
Error: ConsoleCustom
    at Timeout.setInterval [as _onTimeout] (E:\Learn.2018\JavaScript\Js.Node.Level0\09.AdvancedNode\2.0\Emitter\Utils.js:5:71)
    at ontimeout (timers.js:427:11)
    at tryOnTimeout (timers.js:289:5)
    at listOnTimeout (timers.js:252:5)
    at Timer.processTimers (timers.js:212:10)
