1527256853337
1527256858348
1527256863348
1527256868350
1527256873350
1527256878352
1527256883352
1527256888352
1527256893353
1527256898353
1527256903353
1527256908354
1527256913355
1527256918356
1527256923356
1527256928356
1527256933357
1527256938357
1527256943358
1527256948358
1527256953359
1527256958359
1527256963360
1527256968360
1527256973360
1527256978360
1527256983360
1527256988360
1527256993361
1527256998361
1527257003363
1527257008362
1527257013362
1527257018363
1527257023363
1527257028365
1527257033365
1527257038365
1527257043365
1527257048365
1527257053365
1527257058366
1527257063366
1527257068367
1527257073368
1527257078369
1527257083369
